[debug] [2018-10-31T23:54:55.165Z] ----------------------------------------------------------------------
[debug] [2018-10-31T23:54:55.208Z] Command:       C:\Program Files\nodejs\node.exe C:\Users\ASUS\AppData\Roaming\npm\node_modules\firebase-tools\bin\firebase deploy
[debug] [2018-10-31T23:54:55.208Z] CLI Version:   4.2.1
[debug] [2018-10-31T23:54:55.209Z] Platform:      win32
[debug] [2018-10-31T23:54:55.209Z] Node Version:  v8.9.4
[debug] [2018-10-31T23:54:55.211Z] Time:          Thu Nov 01 2018 00:54:55 GMT+0100 (W. Central Africa Standard Time)
[debug] [2018-10-31T23:54:55.211Z] ----------------------------------------------------------------------
[debug] 
[debug] [2018-10-31T23:54:55.440Z] > command requires scopes: ["email","openid","https://www.googleapis.com/auth/cloudplatformprojects.readonly","https://www.googleapis.com/auth/firebase","https://www.googleapis.com/auth/cloud-platform"]
[debug] [2018-10-31T23:54:55.442Z] > authorizing via signed-in user
[debug] [2018-10-31T23:54:55.448Z] > refreshing access token with scopes: ["email","https://www.googleapis.com/auth/cloud-platform","https://www.googleapis.com/auth/cloudplatformprojects.readonly","https://www.googleapis.com/auth/firebase","openid"]
[debug] [2018-10-31T23:54:55.449Z] >>> HTTP REQUEST POST https://www.googleapis.com/oauth2/v3/token  

[debug] [2018-10-31T23:54:56.349Z] <<< HTTP RESPONSE 200
[debug] [2018-10-31T23:54:56.441Z] >>> HTTP REQUEST GET https://admin.firebase.com/v1/projects/ifrs-bot  
 
[debug] [2018-10-31T23:54:58.386Z] <<< HTTP RESPONSE 200
[debug] [2018-11-01T00:02:16.576Z] ----------------------------------------------------------------------
[debug] [2018-11-01T00:02:16.584Z] Command:       C:\Program Files\nodejs\node.exe C:\Users\ASUS\AppData\Roaming\npm\node_modules\firebase-tools\bin\firebase serve
[debug] [2018-11-01T00:02:16.585Z] CLI Version:   4.2.1
[debug] [2018-11-01T00:02:16.585Z] Platform:      win32
[debug] [2018-11-01T00:02:16.586Z] Node Version:  v8.9.4
[debug] [2018-11-01T00:02:16.588Z] Time:          Thu Nov 01 2018 01:02:16 GMT+0100 (W. Central Africa Standard Time)
[debug] [2018-11-01T00:02:16.588Z] ----------------------------------------------------------------------
[debug] 
[debug] [2018-11-01T00:02:16.627Z] > command requires scopes: ["email","openid","https://www.googleapis.com/auth/cloudplatformprojects.readonly","https://www.googleapis.com/auth/firebase","https://www.googleapis.com/auth/cloud-platform"]
[debug] [2018-11-01T00:02:16.629Z] > authorizing via signed-in user
[debug] [2018-11-01T00:02:16.637Z] >>> HTTP REQUEST GET https://admin.firebase.com/v1/projects/ifrs-bot  
 
[debug] [2018-11-01T00:02:18.111Z] <<< HTTP RESPONSE 200
[debug] [2018-11-01T00:02:18.116Z] >>> HTTP REQUEST GET https://cloudresourcemanager.googleapis.com/v1/projects/ifrs-bot  
 
[debug] [2018-11-01T00:02:22.537Z] <<< HTTP RESPONSE 200
[info] 
[info] === Serving from 'C:\Users\ASUS\Desktop\wit'...
[info] 
[info] i  functions: Preparing to emulate functions.
[debug] [2018-11-01T00:02:55.508Z] Fetching environment
[debug] [2018-11-01T00:02:55.531Z] >>> HTTP REQUEST GET https://mobilesdk-pa.googleapis.com/v1/projects/598441950221:getServerAppConfig  
 
[debug] [2018-11-01T00:02:55.534Z] >>> HTTP REQUEST GET https://mobilesdk-pa.googleapis.com/v1/projects/598441950221/clients/_:getWebAppConfig  
 
[debug] [2018-11-01T00:02:56.414Z] <<< HTTP RESPONSE 200
[debug] [2018-11-01T00:02:56.416Z] Starting @google-cloud/functions-emulator
[debug] [2018-11-01T00:02:56.738Z] <<< HTTP RESPONSE 200
[info] i  hosting[ifrs-bot]: Serving hosting files from: public
[info] +  hosting[ifrs-bot]: Local server: http://localhost:5000
[debug] [2018-11-01T00:03:18.365Z] Parsing function triggers
[warn] !  functions: Error from emulator. [object Object]
[debug] [2018-11-01T00:03:36.368Z] 
